2019-06-25 08:20:07,268 - WebTestApp - INFO - -----------------------------
2019-06-25 08:20:07,268 - WebTestApp - INFO - Program started
2019-06-25 08:20:07,269 - WebTestApp - INFO - Before navigate to http://127.0.0.1/opencart/admin
2019-06-25 08:20:08,183 - WebTestApp - INFO - After navigate to http://127.0.0.1/opencart/admin
2019-06-25 08:20:08,917 - WebTestApp - INFO - Before find xpath //input[@id='input-username']
2019-06-25 08:20:08,953 - WebTestApp - INFO - After find xpath //input[@id='input-username']
2019-06-25 08:20:08,955 - WebTestApp - INFO - Before find xpath //input[@id='input-username']
2019-06-25 08:20:08,968 - WebTestApp - INFO - After find xpath //input[@id='input-username']
2019-06-25 08:20:09,083 - WebTestApp - INFO - Before find xpath //input[@id='input-password']
2019-06-25 08:20:09,106 - WebTestApp - INFO - After find xpath //input[@id='input-password']
2019-06-25 08:20:09,106 - WebTestApp - INFO - Before find xpath //input[@id='input-password']
2019-06-25 08:20:09,116 - WebTestApp - INFO - After find xpath //input[@id='input-password']
2019-06-25 08:20:09,195 - WebTestApp - INFO - Before find xpath //button[@class='btn btn-primary'][@type='submit']
2019-06-25 08:20:09,211 - WebTestApp - INFO - After find xpath //button[@class='btn btn-primary'][@type='submit']
2019-06-25 08:20:09,234 - WebTestApp - INFO - Before find xpath //button[@class='btn btn-primary'][@type='submit']
2019-06-25 08:20:09,246 - WebTestApp - INFO - After find xpath //button[@class='btn btn-primary'][@type='submit']
2019-06-25 08:20:09,259 - WebTestApp - INFO - Before click btn btn-primary
2019-06-25 08:20:09,861 - WebTestApp - INFO - After click
2019-06-25 08:20:09,861 - WebTestApp - INFO - Before find xpath //button[@class='close']
2019-06-25 08:20:09,879 - WebTestApp - INFO - After find xpath //button[@class='close']
2019-06-25 08:20:09,879 - WebTestApp - INFO - Before find xpath //button[@class='close']
2019-06-25 08:20:09,893 - WebTestApp - INFO - After find xpath //button[@class='close']
2019-06-25 08:20:09,907 - WebTestApp - INFO - Before click close
2019-06-25 08:20:10,524 - WebTestApp - INFO - After click
2019-06-25 08:20:10,529 - WebTestApp - INFO - Before navigate to http://127.0.0.1/opencart/admin/index.php?route=common/dashboard&user_token=tFoq6NTv2tJ1303b8L3uMs3fDnJ3qnzG
2019-06-25 08:20:10,807 - WebTestApp - INFO - After navigate to http://127.0.0.1/opencart/admin/index.php?route=common/dashboard&user_token=tFoq6NTv2tJ1303b8L3uMs3fDnJ3qnzG
2019-06-25 08:20:10,826 - WebTestApp - INFO - Before find xpath //button[@class='close']
2019-06-25 08:20:10,839 - WebTestApp - INFO - After find xpath //button[@class='close']
2019-06-25 08:20:10,840 - WebTestApp - INFO - Before find xpath //button[@class='close']
2019-06-25 08:20:10,855 - WebTestApp - INFO - After find xpath //button[@class='close']
2019-06-25 08:20:10,865 - WebTestApp - INFO - Before click close
2019-06-25 08:20:10,914 - WebTestApp - INFO - After click
2019-06-25 08:20:10,915 - WebTestApp - INFO - Before find xpath //a[@class='parent collapsed']
2019-06-25 08:20:10,942 - WebTestApp - INFO - After find xpath //a[@class='parent collapsed']
2019-06-25 08:20:10,943 - WebTestApp - INFO - Before find xpath //a[@class='parent collapsed']
2019-06-25 08:20:10,957 - WebTestApp - INFO - After find xpath //a[@class='parent collapsed']
2019-06-25 08:20:10,980 - WebTestApp - INFO - Before click parent collapsed
2019-06-25 08:20:11,035 - WebTestApp - INFO - After click
2019-06-25 08:20:11,035 - WebTestApp - INFO - Before find tag name li
2019-06-25 08:20:11,051 - WebTestApp - INFO - After find tag name li
2019-06-25 08:20:11,051 - WebTestApp - INFO - Before find tag name li
2019-06-25 08:20:11,081 - WebTestApp - INFO - After find tag name li
2019-06-25 08:20:11,427 - WebTestApp - INFO - Before click 
2019-06-25 08:20:11,709 - WebTestApp - INFO - After click
2019-06-25 08:20:11,716 - WebTestApp - INFO - Before navigate to http://127.0.0.1/opencart/admin/index.php?route=catalog/product&user_token=tFoq6NTv2tJ1303b8L3uMs3fDnJ3qnzG
2019-06-25 08:20:11,930 - WebTestApp - INFO - After navigate to http://127.0.0.1/opencart/admin/index.php?route=catalog/product&user_token=tFoq6NTv2tJ1303b8L3uMs3fDnJ3qnzG
2019-06-25 08:20:11,936 - WebTestApp - INFO - Before find xpath //a[@class='btn btn-primary']
2019-06-25 08:20:11,962 - WebTestApp - INFO - After find xpath //a[@class='btn btn-primary']
2019-06-25 08:20:11,982 - WebTestApp - INFO - Before find xpath //a[@class='btn btn-primary']
2019-06-25 08:20:11,991 - WebTestApp - INFO - After find xpath //a[@class='btn btn-primary']
2019-06-25 08:20:12,000 - WebTestApp - INFO - Before click btn btn-primary
2019-06-25 08:20:12,514 - WebTestApp - INFO - After click
2019-06-25 08:20:12,514 - WebTestApp - INFO - Before find tag name li
2019-06-25 08:20:12,525 - WebTestApp - INFO - After find tag name li
2019-06-25 08:20:12,526 - WebTestApp - INFO - Before find tag name li
2019-06-25 08:20:12,552 - WebTestApp - INFO - After find tag name li
2019-06-25 08:20:13,870 - WebTestApp - INFO - Before click active
2019-06-25 08:20:13,940 - WebTestApp - INFO - After click
2019-06-25 08:20:13,941 - WebTestApp - INFO - Before find id input-name1
2019-06-25 08:20:13,957 - WebTestApp - INFO - After find id input-name1
2019-06-25 08:20:13,957 - WebTestApp - INFO - Before find id input-name1
2019-06-25 08:20:13,976 - WebTestApp - INFO - After find id input-name1
2019-06-25 08:20:14,109 - WebTestApp - INFO - Before find id input-meta-title1
2019-06-25 08:20:14,131 - WebTestApp - INFO - After find id input-meta-title1
2019-06-25 08:20:14,131 - WebTestApp - INFO - Before find id input-meta-title1
2019-06-25 08:20:14,142 - WebTestApp - INFO - After find id input-meta-title1
2019-06-25 08:20:14,255 - WebTestApp - INFO - Before find tag name li
2019-06-25 08:20:14,267 - WebTestApp - INFO - After find tag name li
2019-06-25 08:20:14,267 - WebTestApp - INFO - Before find tag name li
2019-06-25 08:20:14,284 - WebTestApp - INFO - After find tag name li
2019-06-25 08:20:15,156 - WebTestApp - INFO - Before click 
2019-06-25 08:20:15,215 - WebTestApp - INFO - After click
2019-06-25 08:20:15,215 - WebTestApp - INFO - Before find id input-model
2019-06-25 08:20:15,232 - WebTestApp - INFO - After find id input-model
2019-06-25 08:20:15,232 - WebTestApp - INFO - Before find id input-model
2019-06-25 08:20:15,243 - WebTestApp - INFO - After find id input-model
2019-06-25 08:20:15,348 - WebTestApp - INFO - Before find xpath //button[@class='btn btn-primary']
2019-06-25 08:20:15,366 - WebTestApp - INFO - After find xpath //button[@class='btn btn-primary']
2019-06-25 08:20:15,394 - WebTestApp - INFO - Before find xpath //button[@class='btn btn-primary']
2019-06-25 08:20:15,413 - WebTestApp - INFO - After find xpath //button[@class='btn btn-primary']
2019-06-25 08:20:15,429 - WebTestApp - INFO - Before click btn btn-primary
2019-06-25 08:20:15,794 - WebTestApp - INFO - After click
2019-06-25 08:20:15,794 - WebTestApp - INFO - Before find xpath //div[@class='alert alert-success alert-dismissible']
2019-06-25 08:20:15,813 - WebTestApp - INFO - After find xpath //div[@class='alert alert-success alert-dismissible']
2019-06-25 08:20:15,813 - WebTestApp - INFO - Before find xpath //div[@class='alert alert-success alert-dismissible']
2019-06-25 08:20:15,825 - WebTestApp - INFO - After find xpath //div[@class='alert alert-success alert-dismissible']
